<?xml version="1.0" encoding="UTF-8"?>
<testng-results ignored="0" total="2" passed="2" failed="0" skipped="0">
  <reporter-output>
  </reporter-output>
  <suite started-at="2022-09-12T15:17:38 CST" name="Default suite" finished-at="2022-09-12T15:17:38 CST" duration-ms="32">
    <groups>
    </groups>
    <test started-at="2022-09-12T15:17:38 CST" name="Default test" finished-at="2022-09-12T15:17:38 CST" duration-ms="32">
      <class name="com.testcasess.Demo">
        <test-method is-config="true" signature="beforeSuite()[pri:0, instance:com.testcasess.Demo@27462a88]" started-at="2022-09-12T15:17:38 CST" name="beforeSuite" finished-at="2022-09-12T15:17:38 CST" duration-ms="5" status="PASS">
          <reporter-output>
          </reporter-output>
        </test-method> <!-- beforeSuite -->
        <test-method is-config="true" signature="beforeTest()[pri:0, instance:com.testcasess.Demo@27462a88]" started-at="2022-09-12T15:17:38 CST" name="beforeTest" finished-at="2022-09-12T15:17:38 CST" duration-ms="0" status="PASS">
          <reporter-output>
          </reporter-output>
        </test-method> <!-- beforeTest -->
        <test-method is-config="true" signature="beforeClass()[pri:0, instance:com.testcasess.Demo@27462a88]" started-at="2022-09-12T15:17:38 CST" name="beforeClass" finished-at="2022-09-12T15:17:38 CST" duration-ms="1" status="PASS">
          <reporter-output>
          </reporter-output>
        </test-method> <!-- beforeClass -->
        <test-method is-config="true" signature="beforeMethod()[pri:0, instance:com.testcasess.Demo@27462a88]" started-at="2022-09-12T15:17:38 CST" name="beforeMethod" finished-at="2022-09-12T15:17:38 CST" duration-ms="0" status="PASS">
          <reporter-output>
          </reporter-output>
        </test-method> <!-- beforeMethod -->
        <test-method signature="testMethod1()[pri:0, instance:com.testcasess.Demo@27462a88]" started-at="2022-09-12T15:17:38 CST" name="testMethod1" finished-at="2022-09-12T15:17:38 CST" duration-ms="5" status="PASS">
          <reporter-output>
          </reporter-output>
        </test-method> <!-- testMethod1 -->
        <test-method is-config="true" signature="afterMethod()[pri:0, instance:com.testcasess.Demo@27462a88]" started-at="2022-09-12T15:17:38 CST" name="afterMethod" finished-at="2022-09-12T15:17:38 CST" duration-ms="0" status="PASS">
          <reporter-output>
          </reporter-output>
        </test-method> <!-- afterMethod -->
        <test-method signature="testMethod2()[pri:0, instance:com.testcasess.Demo@27462a88]" started-at="2022-09-12T15:17:38 CST" name="testMethod2" finished-at="2022-09-12T15:17:38 CST" duration-ms="1" status="PASS">
          <reporter-output>
          </reporter-output>
        </test-method> <!-- testMethod2 -->
        <test-method is-config="true" signature="beforeMethod()[pri:0, instance:com.testcasess.Demo@27462a88]" started-at="2022-09-12T15:17:38 CST" name="beforeMethod" finished-at="2022-09-12T15:17:38 CST" duration-ms="0" status="PASS">
          <reporter-output>
          </reporter-output>
        </test-method> <!-- beforeMethod -->
        <test-method is-config="true" signature="afterClass()[pri:0, instance:com.testcasess.Demo@27462a88]" started-at="2022-09-12T15:17:38 CST" name="afterClass" finished-at="2022-09-12T15:17:38 CST" duration-ms="0" status="PASS">
          <reporter-output>
          </reporter-output>
        </test-method> <!-- afterClass -->
        <test-method is-config="true" signature="afterMethod()[pri:0, instance:com.testcasess.Demo@27462a88]" started-at="2022-09-12T15:17:38 CST" name="afterMethod" finished-at="2022-09-12T15:17:38 CST" duration-ms="0" status="PASS">
          <reporter-output>
          </reporter-output>
        </test-method> <!-- afterMethod -->
        <test-method is-config="true" signature="afterTest()[pri:0, instance:com.testcasess.Demo@27462a88]" started-at="2022-09-12T15:17:38 CST" name="afterTest" finished-at="2022-09-12T15:17:38 CST" duration-ms="1" status="PASS">
          <reporter-output>
          </reporter-output>
        </test-method> <!-- afterTest -->
        <test-method is-config="true" signature="afterSuite()[pri:0, instance:com.testcasess.Demo@27462a88]" started-at="2022-09-12T15:17:38 CST" name="afterSuite" finished-at="2022-09-12T15:17:38 CST" duration-ms="0" status="PASS">
          <reporter-output>
          </reporter-output>
        </test-method> <!-- afterSuite -->
      </class> <!-- com.testcasess.Demo -->
    </test> <!-- Default test -->
  </suite> <!-- Default suite -->
</testng-results>
